<?xml version="1.0" encoding="UTF-8"?>
<!-- Generated by org.testng.reporters.JUnitReportReporter -->
<testsuite hostname="MSI" failures="0" tests="1" name="apollohospitals.urology.tests.SideTabNavigationTest" time="4.408" errors="0" timestamp="2025-04-18T16:57:24 IST" skipped="0">
  <testcase classname="apollohospitals.urology.tests.SideTabNavigationTest" name="verifyRedirectionToExpertOpinion" time="4.408"/>
</testsuite> <!-- apollohospitals.urology.tests.SideTabNavigationTest -->
