<?xml version="1.0" encoding="UTF-8"?>
<!-- Generated by org.testng.reporters.JUnitReportReporter -->
<testsuite hostname="MSI" failures="0" tests="3" name="apollohospitals.urology.tests.LandingPageBasicTest" time="11.763" errors="0" timestamp="2025-04-18T13:27:07 IST" skipped="0">
  <testcase classname="apollohospitals.urology.tests.LandingPageBasicTest" name="validateOverviewSectionText" time="5.177"/>
  <testcase classname="apollohospitals.urology.tests.LandingPageBasicTest" name="validateBannerHeading" time="2.948"/>
  <testcase classname="apollohospitals.urology.tests.LandingPageBasicTest" name="validatePageTitle" time="3.638"/>
</testsuite> <!-- apollohospitals.urology.tests.LandingPageBasicTest -->
