<?xml version="1.0" encoding="UTF-8"?>
<!-- Generated by org.testng.reporters.JUnitReportReporter -->
<testsuite hostname="MSI" failures="0" tests="1" name="apollohospitals.urology.tests.RequestCallBackFormTest" time="4.890" errors="0" timestamp="2025-04-21T13:23:53 IST" skipped="0">
  <testcase classname="apollohospitals.urology.tests.RequestCallBackFormTest" name="testPopupClosesOnClickingX" time="4.890"/>
</testsuite> <!-- apollohospitals.urology.tests.RequestCallBackFormTest -->
